2022-06-18 21:30:07,349 DEBUG Horse [main] Создание Horse, имя [H], скорость [10.0]
2022-06-18 21:30:09,782 DEBUG Horse [main] Создание Horse, имя [H], скорость [10.0]
2022-06-18 21:31:44,744 DEBUG Horse [main] Создание Horse, имя [H], скорость [10.0]
2022-06-18 21:31:47,311 DEBUG Horse [main] Создание Horse, имя [H], скорость [10.0]
2022-06-18 21:32:40,537 ERROR Horse [main] Name is null
2022-06-18 21:32:40,693 ERROR Horse [main]  Name is blank
2022-06-18 21:32:40,713 ERROR Horse [main]  Name is blank
2022-06-18 21:32:40,727 ERROR Horse [main]  Name is blank
2022-06-18 21:32:40,749 ERROR Horse [main]  Name is blank
2022-06-18 21:32:40,765 ERROR Horse [main]  Name is blank
2022-06-18 21:32:40,775 ERROR Horse [main]  Name is blank
2022-06-18 21:32:40,799 ERROR Horse [main]  Name is blank
2022-06-18 21:32:40,811 ERROR Horse [main]  Name is blank
2022-06-18 21:32:40,839 ERROR Horse [main]  Name is blank
2022-06-18 21:32:43,290 DEBUG Horse [main] Создание Horse, имя [h], скорость [1.0]
2022-06-18 21:32:43,390 DEBUG Horse [main] Создание Horse, имя [Horse], скорость [50.0]
2022-06-18 21:32:43,406 ERROR Horse [main]  Distance is negative
2022-06-18 21:32:43,420 DEBUG Horse [main] Создание Horse, имя [Horse], скорость [50.0]
2022-06-18 21:32:43,430 DEBUG Horse [main] Создание Horse, имя [Horse], скорость [50.0]
2022-06-18 21:32:43,468 DEBUG Horse [main] Создание Horse, имя [H], скорость [10.0]
2022-06-18 21:32:43,528 DEBUG Horse [main] Создание Horse, имя [H], скорость [10.0]
2022-06-18 21:32:43,554 DEBUG Horse [main] Создание Horse, имя [H], скорость [10.0]
2022-06-18 21:32:43,572 DEBUG Horse [main] Создание Horse, имя [H], скорость [10.0]
2022-06-18 21:32:43,590 DEBUG Horse [main] Создание Horse, имя [Horse], скорость [50.0]
2022-06-18 21:32:43,596 ERROR Horse [main] Speed is negative
2022-06-18 21:40:28,236 ERROR Hippodrome [main]  Horses list is empty
2022-06-18 21:40:28,290 ERROR Hippodrome [main] Horses list is null
2022-06-18 21:40:30,682 DEBUG Hippodrome [main] Создание Hippodrome, лошадей [50]
2022-06-18 21:40:31,383 DEBUG Horse [main] Создание Horse, имя [H0], скорость [10.0]
2022-06-18 21:40:31,383 DEBUG Horse [main] Создание Horse, имя [H1], скорость [11.0]
2022-06-18 21:40:31,385 DEBUG Horse [main] Создание Horse, имя [H2], скорость [12.0]
2022-06-18 21:40:31,385 DEBUG Horse [main] Создание Horse, имя [H3], скорость [13.0]
2022-06-18 21:40:31,387 DEBUG Horse [main] Создание Horse, имя [H4], скорость [14.0]
2022-06-18 21:40:31,387 DEBUG Horse [main] Создание Horse, имя [H5], скорость [15.0]
2022-06-18 21:40:31,389 DEBUG Horse [main] Создание Horse, имя [H6], скорость [16.0]
2022-06-18 21:40:31,389 DEBUG Horse [main] Создание Horse, имя [H7], скорость [17.0]
2022-06-18 21:40:31,389 DEBUG Horse [main] Создание Horse, имя [H8], скорость [18.0]
2022-06-18 21:40:31,391 DEBUG Horse [main] Создание Horse, имя [H9], скорость [19.0]
2022-06-18 21:40:31,391 DEBUG Horse [main] Создание Horse, имя [H10], скорость [20.0]
2022-06-18 21:40:31,391 DEBUG Horse [main] Создание Horse, имя [H11], скорость [21.0]
2022-06-18 21:40:31,393 DEBUG Horse [main] Создание Horse, имя [H12], скорость [22.0]
2022-06-18 21:40:31,393 DEBUG Horse [main] Создание Horse, имя [H13], скорость [23.0]
2022-06-18 21:40:31,395 DEBUG Horse [main] Создание Horse, имя [H14], скорость [24.0]
2022-06-18 21:40:31,395 DEBUG Horse [main] Создание Horse, имя [H15], скорость [25.0]
2022-06-18 21:40:31,395 DEBUG Horse [main] Создание Horse, имя [H16], скорость [26.0]
2022-06-18 21:40:31,395 DEBUG Horse [main] Создание Horse, имя [H17], скорость [27.0]
2022-06-18 21:40:31,397 DEBUG Horse [main] Создание Horse, имя [H18], скорость [28.0]
2022-06-18 21:40:31,397 DEBUG Horse [main] Создание Horse, имя [H19], скорость [29.0]
2022-06-18 21:40:31,397 DEBUG Horse [main] Создание Horse, имя [H20], скорость [30.0]
2022-06-18 21:40:31,399 DEBUG Horse [main] Создание Horse, имя [H21], скорость [31.0]
2022-06-18 21:40:31,399 DEBUG Horse [main] Создание Horse, имя [H22], скорость [32.0]
2022-06-18 21:40:31,399 DEBUG Horse [main] Создание Horse, имя [H23], скорость [33.0]
2022-06-18 21:40:31,399 DEBUG Horse [main] Создание Horse, имя [H24], скорость [34.0]
2022-06-18 21:40:31,401 DEBUG Horse [main] Создание Horse, имя [H25], скорость [35.0]
2022-06-18 21:40:31,401 DEBUG Horse [main] Создание Horse, имя [H26], скорость [36.0]
2022-06-18 21:40:31,401 DEBUG Horse [main] Создание Horse, имя [H27], скорость [37.0]
2022-06-18 21:40:31,401 DEBUG Horse [main] Создание Horse, имя [H28], скорость [38.0]
2022-06-18 21:40:31,401 DEBUG Horse [main] Создание Horse, имя [H29], скорость [39.0]
2022-06-18 21:40:31,401 DEBUG Hippodrome [main] Создание Hippodrome, лошадей [30]
2022-06-18 21:40:31,417 DEBUG Horse [main] Создание Horse, имя [H0], скорость [10.0]
2022-06-18 21:40:31,417 DEBUG Horse [main] Создание Horse, имя [H1], скорость [11.0]
2022-06-18 21:40:31,417 DEBUG Horse [main] Создание Horse, имя [H2], скорость [12.0]
2022-06-18 21:40:31,417 DEBUG Horse [main] Создание Horse, имя [H3], скорость [13.0]
2022-06-18 21:40:31,419 DEBUG Horse [main] Создание Horse, имя [H4], скорость [14.0]
2022-06-18 21:40:31,419 DEBUG Horse [main] Создание Horse, имя [H5], скорость [15.0]
2022-06-18 21:40:31,419 DEBUG Horse [main] Создание Horse, имя [H6], скорость [16.0]
2022-06-18 21:40:31,421 DEBUG Horse [main] Создание Horse, имя [H7], скорость [17.0]
2022-06-18 21:40:31,421 DEBUG Horse [main] Создание Horse, имя [H8], скорость [18.0]
2022-06-18 21:40:31,421 DEBUG Horse [main] Создание Horse, имя [H9], скорость [19.0]
2022-06-18 21:40:31,421 DEBUG Horse [main] Создание Horse, имя [H10], скорость [20.0]
2022-06-18 21:40:31,425 DEBUG Horse [main] Создание Horse, имя [H11], скорость [21.0]
2022-06-18 21:40:31,427 DEBUG Horse [main] Создание Horse, имя [H12], скорость [22.0]
2022-06-18 21:40:31,429 DEBUG Horse [main] Создание Horse, имя [H13], скорость [23.0]
2022-06-18 21:40:31,431 DEBUG Horse [main] Создание Horse, имя [H14], скорость [24.0]
2022-06-18 21:40:31,431 DEBUG Horse [main] Создание Horse, имя [H15], скорость [25.0]
2022-06-18 21:40:31,431 DEBUG Horse [main] Создание Horse, имя [H16], скорость [26.0]
2022-06-18 21:40:31,431 DEBUG Horse [main] Создание Horse, имя [H17], скорость [27.0]
2022-06-18 21:40:31,433 DEBUG Horse [main] Создание Horse, имя [H18], скорость [28.0]
2022-06-18 21:40:31,433 DEBUG Horse [main] Создание Horse, имя [H19], скорость [29.0]
2022-06-18 21:40:31,433 DEBUG Horse [main] Создание Horse, имя [H20], скорость [30.0]
2022-06-18 21:40:31,435 DEBUG Horse [main] Создание Horse, имя [H21], скорость [31.0]
2022-06-18 21:40:31,435 DEBUG Horse [main] Создание Horse, имя [H22], скорость [32.0]
2022-06-18 21:40:31,435 DEBUG Horse [main] Создание Horse, имя [H23], скорость [33.0]
2022-06-18 21:40:31,437 DEBUG Horse [main] Создание Horse, имя [H24], скорость [34.0]
2022-06-18 21:40:31,437 DEBUG Horse [main] Создание Horse, имя [H25], скорость [35.0]
2022-06-18 21:40:31,437 DEBUG Horse [main] Создание Horse, имя [H26], скорость [36.0]
2022-06-18 21:40:31,437 DEBUG Horse [main] Создание Horse, имя [H27], скорость [37.0]
2022-06-18 21:40:31,439 DEBUG Horse [main] Создание Horse, имя [H28], скорость [38.0]
2022-06-18 21:40:31,439 DEBUG Horse [main] Создание Horse, имя [H29], скорость [39.0]
2022-06-18 21:40:31,441 DEBUG Hippodrome [main] Создание Hippodrome, лошадей [30]
2022-06-18 21:40:57,416 DEBUG Hippodrome [main] Создание Hippodrome, лошадей [50]
2022-06-18 21:41:54,248 DEBUG Hippodrome [main] Создание Hippodrome, лошадей [50]
2022-06-18 21:43:03,835 DEBUG Hippodrome [main] Создание Hippodrome, лошадей [50]
2022-06-18 21:43:43,416 DEBUG Hippodrome [main] Создание Hippodrome, лошадей [50]
2022-06-18 21:44:59,121 DEBUG Hippodrome [main] Создание Hippodrome, лошадей [0]
2022-06-18 21:45:34,561 DEBUG Hippodrome [main] Создание Hippodrome, лошадей [0]
2022-06-18 21:46:35,068 DEBUG Hippodrome [main] Создание Hippodrome, лошадей [50]
2022-06-18 21:48:13,929 DEBUG Hippodrome [main] Создание Hippodrome, лошадей [50]
2022-06-18 21:49:24,007 DEBUG Hippodrome [main] Создание Hippodrome, лошадей [50]
2022-06-18 21:50:27,595 DEBUG Hippodrome [main] Создание Hippodrome, лошадей [0]
2022-06-18 21:52:09,208 DEBUG Hippodrome [main] Создание Hippodrome, лошадей [0]
2022-06-18 21:52:51,974 DEBUG Hippodrome [main] Создание Hippodrome, лошадей [50]
2022-06-18 21:54:04,595 DEBUG Hippodrome [main] Создание Hippodrome, лошадей [50]
2022-06-18 21:55:03,214 DEBUG Hippodrome [main] Создание Hippodrome, лошадей [0]
2022-06-18 21:55:50,410 DEBUG Hippodrome [main] Создание Hippodrome, лошадей [0]
2022-06-18 21:56:26,384 DEBUG Hippodrome [main] Создание Hippodrome, лошадей [0]
2022-06-18 21:57:17,678 DEBUG Hippodrome [main] Создание Hippodrome, лошадей [0]
2022-06-18 22:00:33,518 DEBUG Hippodrome [main] Создание Hippodrome, лошадей [0]
2022-06-18 22:02:43,300 DEBUG Hippodrome [main] Создание Hippodrome, лошадей [0]
2022-06-18 22:03:32,130 DEBUG Horse [main] Создание Horse, имя [H], скорость [10.0]
2022-06-18 22:03:33,251 DEBUG Horse [main] Создание Horse, имя [H], скорость [10.0]
2022-06-18 22:03:33,269 DEBUG Horse [main] Создание Horse, имя [H], скорость [10.0]
2022-06-18 22:03:33,285 DEBUG Horse [main] Создание Horse, имя [H], скорость [10.0]
2022-06-18 22:05:20,008 DEBUG Horse [main] Создание Horse, имя [H], скорость [10.0]
2022-06-18 22:05:23,471 DEBUG Horse [main] Создание Horse, имя [H], скорость [10.0]
2022-06-18 22:05:23,495 DEBUG Horse [main] Создание Horse, имя [H], скорость [10.0]
2022-06-18 22:05:23,523 DEBUG Horse [main] Создание Horse, имя [H], скорость [10.0]
2022-06-18 22:05:34,944 DEBUG Horse [main] Создание Horse, имя [H], скорость [10.0]
2022-06-18 22:05:37,339 DEBUG Horse [main] Создание Horse, имя [H], скорость [10.0]
2022-06-18 22:05:37,363 DEBUG Horse [main] Создание Horse, имя [H], скорость [10.0]
2022-06-18 22:05:37,384 DEBUG Horse [main] Создание Horse, имя [H], скорость [10.0]
2022-06-18 22:05:37,410 DEBUG Horse [main] Создание Horse, имя [Horse], скорость [50.0]
2022-06-18 22:05:37,434 ERROR Horse [main]  Name is blank
2022-06-18 22:05:37,454 ERROR Horse [main]  Name is blank
2022-06-18 22:05:37,480 ERROR Horse [main]  Name is blank
2022-06-18 22:05:37,492 ERROR Horse [main]  Name is blank
2022-06-18 22:05:37,502 ERROR Horse [main]  Name is blank
2022-06-18 22:05:37,514 ERROR Horse [main]  Name is blank
2022-06-18 22:05:37,524 ERROR Horse [main]  Name is blank
2022-06-18 22:05:37,530 ERROR Horse [main]  Name is blank
2022-06-18 22:05:37,538 ERROR Horse [main]  Name is blank
2022-06-18 22:05:37,546 DEBUG Horse [main] Создание Horse, имя [h], скорость [1.0]
2022-06-18 22:05:37,578 DEBUG Horse [main] Создание Horse, имя [Horse], скорость [50.0]
2022-06-18 22:05:37,584 DEBUG Horse [main] Создание Horse, имя [Horse], скорость [50.0]
2022-06-18 22:05:37,592 ERROR Horse [main] Speed is negative
2022-06-18 22:05:37,600 ERROR Horse [main]  Distance is negative
2022-06-18 22:05:37,608 ERROR Horse [main] Name is null
2022-06-18 22:05:37,614 DEBUG Horse [main] Создание Horse, имя [Horse], скорость [50.0]
2022-06-18 22:06:03,388 DEBUG Hippodrome [main] Создание Hippodrome, лошадей [0]
2022-06-18 22:06:42,558 DEBUG Hippodrome [main] Создание Hippodrome, лошадей [0]
2022-06-18 22:12:32,921 DEBUG Hippodrome [main] Создание Hippodrome, лошадей [50]
2022-06-18 22:15:48,257 DEBUG Hippodrome [main] Создание Hippodrome, лошадей [50]
2022-06-18 22:25:21,192 DEBUG Hippodrome [main] Создание Hippodrome, лошадей [50]
2022-06-18 22:26:55,858 DEBUG Hippodrome [main] Создание Hippodrome, лошадей [50]
2022-06-18 22:27:54,776 DEBUG Hippodrome [main] Создание Hippodrome, лошадей [0]
2022-06-18 22:28:45,446 DEBUG Hippodrome [main] Создание Hippodrome, лошадей [0]
2022-06-18 22:31:40,125 DEBUG Hippodrome [main] Создание Hippodrome, лошадей [0]
2022-06-18 22:33:15,745 DEBUG Hippodrome [main] Создание Hippodrome, лошадей [0]
2022-06-18 22:34:48,117 DEBUG Hippodrome [main] Создание Hippodrome, лошадей [0]
2022-06-18 22:35:20,177 DEBUG Hippodrome [main] Создание Hippodrome, лошадей [50]
2022-06-18 22:35:44,038 DEBUG Hippodrome [main] Создание Hippodrome, лошадей [50]
2022-06-18 22:36:22,464 DEBUG Horse [main] Создание Horse, имя [H0], скорость [10.0]
2022-06-18 22:36:22,472 DEBUG Horse [main] Создание Horse, имя [H1], скорость [11.0]
2022-06-18 22:36:22,472 DEBUG Horse [main] Создание Horse, имя [H2], скорость [12.0]
2022-06-18 22:36:22,472 DEBUG Horse [main] Создание Horse, имя [H3], скорость [13.0]
2022-06-18 22:36:22,474 DEBUG Horse [main] Создание Horse, имя [H4], скорость [14.0]
2022-06-18 22:36:22,474 DEBUG Horse [main] Создание Horse, имя [H5], скорость [15.0]
2022-06-18 22:36:22,476 DEBUG Horse [main] Создание Horse, имя [H6], скорость [16.0]
2022-06-18 22:36:22,476 DEBUG Horse [main] Создание Horse, имя [H7], скорость [17.0]
2022-06-18 22:36:22,476 DEBUG Horse [main] Создание Horse, имя [H8], скорость [18.0]
2022-06-18 22:36:22,476 DEBUG Horse [main] Создание Horse, имя [H9], скорость [19.0]
2022-06-18 22:36:22,476 DEBUG Horse [main] Создание Horse, имя [H10], скорость [20.0]
2022-06-18 22:36:22,478 DEBUG Horse [main] Создание Horse, имя [H11], скорость [21.0]
2022-06-18 22:36:22,478 DEBUG Horse [main] Создание Horse, имя [H12], скорость [22.0]
2022-06-18 22:36:22,478 DEBUG Horse [main] Создание Horse, имя [H13], скорость [23.0]
2022-06-18 22:36:22,478 DEBUG Horse [main] Создание Horse, имя [H14], скорость [24.0]
2022-06-18 22:36:22,478 DEBUG Horse [main] Создание Horse, имя [H15], скорость [25.0]
2022-06-18 22:36:22,478 DEBUG Horse [main] Создание Horse, имя [H16], скорость [26.0]
2022-06-18 22:36:22,480 DEBUG Horse [main] Создание Horse, имя [H17], скорость [27.0]
2022-06-18 22:36:22,480 DEBUG Horse [main] Создание Horse, имя [H18], скорость [28.0]
2022-06-18 22:36:22,480 DEBUG Horse [main] Создание Horse, имя [H19], скорость [29.0]
2022-06-18 22:36:22,480 DEBUG Horse [main] Создание Horse, имя [H20], скорость [30.0]
2022-06-18 22:36:22,480 DEBUG Horse [main] Создание Horse, имя [H21], скорость [31.0]
2022-06-18 22:36:22,480 DEBUG Horse [main] Создание Horse, имя [H22], скорость [32.0]
2022-06-18 22:36:22,482 DEBUG Horse [main] Создание Horse, имя [H23], скорость [33.0]
2022-06-18 22:36:22,482 DEBUG Horse [main] Создание Horse, имя [H24], скорость [34.0]
2022-06-18 22:36:22,482 DEBUG Horse [main] Создание Horse, имя [H25], скорость [35.0]
2022-06-18 22:36:22,482 DEBUG Horse [main] Создание Horse, имя [H26], скорость [36.0]
2022-06-18 22:36:22,482 DEBUG Horse [main] Создание Horse, имя [H27], скорость [37.0]
2022-06-18 22:36:22,484 DEBUG Horse [main] Создание Horse, имя [H28], скорость [38.0]
2022-06-18 22:36:22,484 DEBUG Horse [main] Создание Horse, имя [H29], скорость [39.0]
2022-06-18 22:36:22,484 DEBUG Horse [main] Создание Horse, имя [H30], скорость [40.0]
2022-06-18 22:36:22,484 DEBUG Horse [main] Создание Horse, имя [H31], скорость [41.0]
2022-06-18 22:36:22,484 DEBUG Horse [main] Создание Horse, имя [H32], скорость [42.0]
2022-06-18 22:36:22,486 DEBUG Horse [main] Создание Horse, имя [H33], скорость [43.0]
2022-06-18 22:36:22,486 DEBUG Horse [main] Создание Horse, имя [H34], скорость [44.0]
2022-06-18 22:36:22,486 DEBUG Horse [main] Создание Horse, имя [H35], скорость [45.0]
2022-06-18 22:36:22,486 DEBUG Horse [main] Создание Horse, имя [H36], скорость [46.0]
2022-06-18 22:36:22,486 DEBUG Horse [main] Создание Horse, имя [H37], скорость [47.0]
2022-06-18 22:36:22,486 DEBUG Horse [main] Создание Horse, имя [H38], скорость [48.0]
2022-06-18 22:36:22,488 DEBUG Horse [main] Создание Horse, имя [H39], скорость [49.0]
2022-06-18 22:36:22,488 DEBUG Horse [main] Создание Horse, имя [H40], скорость [50.0]
2022-06-18 22:36:22,488 DEBUG Horse [main] Создание Horse, имя [H41], скорость [51.0]
2022-06-18 22:36:22,488 DEBUG Horse [main] Создание Horse, имя [H42], скорость [52.0]
2022-06-18 22:36:22,490 DEBUG Horse [main] Создание Horse, имя [H43], скорость [53.0]
2022-06-18 22:36:22,490 DEBUG Horse [main] Создание Horse, имя [H44], скорость [54.0]
2022-06-18 22:36:22,490 DEBUG Horse [main] Создание Horse, имя [H45], скорость [55.0]
2022-06-18 22:36:22,490 DEBUG Horse [main] Создание Horse, имя [H46], скорость [56.0]
2022-06-18 22:36:22,492 DEBUG Horse [main] Создание Horse, имя [H47], скорость [57.0]
2022-06-18 22:36:22,492 DEBUG Horse [main] Создание Horse, имя [H48], скорость [58.0]
2022-06-18 22:36:22,492 DEBUG Horse [main] Создание Horse, имя [H49], скорость [59.0]
2022-06-18 22:36:22,496 DEBUG Hippodrome [main] Создание Hippodrome, лошадей [50]
2022-06-18 22:37:12,083 DEBUG Horse [main] Создание Horse, имя [H0], скорость [10.0]
2022-06-18 22:37:12,215 DEBUG Horse [main] Создание Horse, имя [H1], скорость [11.0]
2022-06-18 22:37:12,217 DEBUG Horse [main] Создание Horse, имя [H2], скорость [12.0]
2022-06-18 22:37:12,219 DEBUG Horse [main] Создание Horse, имя [H3], скорость [13.0]
2022-06-18 22:37:12,219 DEBUG Horse [main] Создание Horse, имя [H4], скорость [14.0]
2022-06-18 22:37:12,221 DEBUG Horse [main] Создание Horse, имя [H5], скорость [15.0]
2022-06-18 22:37:12,223 DEBUG Horse [main] Создание Horse, имя [H6], скорость [16.0]
2022-06-18 22:37:12,225 DEBUG Horse [main] Создание Horse, имя [H7], скорость [17.0]
2022-06-18 22:37:12,227 DEBUG Horse [main] Создание Horse, имя [H8], скорость [18.0]
2022-06-18 22:37:12,229 DEBUG Horse [main] Создание Horse, имя [H9], скорость [19.0]
2022-06-18 22:37:12,231 DEBUG Horse [main] Создание Horse, имя [H10], скорость [20.0]
2022-06-18 22:37:12,233 DEBUG Horse [main] Создание Horse, имя [H11], скорость [21.0]
2022-06-18 22:37:12,235 DEBUG Horse [main] Создание Horse, имя [H12], скорость [22.0]
2022-06-18 22:37:12,237 DEBUG Horse [main] Создание Horse, имя [H13], скорость [23.0]
2022-06-18 22:37:12,237 DEBUG Horse [main] Создание Horse, имя [H14], скорость [24.0]
2022-06-18 22:37:12,239 DEBUG Horse [main] Создание Horse, имя [H15], скорость [25.0]
2022-06-18 22:37:12,241 DEBUG Horse [main] Создание Horse, имя [H16], скорость [26.0]
2022-06-18 22:37:12,243 DEBUG Horse [main] Создание Horse, имя [H17], скорость [27.0]
2022-06-18 22:37:12,245 DEBUG Horse [main] Создание Horse, имя [H18], скорость [28.0]
2022-06-18 22:37:12,247 DEBUG Horse [main] Создание Horse, имя [H19], скорость [29.0]
2022-06-18 22:37:12,247 DEBUG Horse [main] Создание Horse, имя [H20], скорость [30.0]
2022-06-18 22:37:12,249 DEBUG Horse [main] Создание Horse, имя [H21], скорость [31.0]
2022-06-18 22:37:12,251 DEBUG Horse [main] Создание Horse, имя [H22], скорость [32.0]
2022-06-18 22:37:12,253 DEBUG Horse [main] Создание Horse, имя [H23], скорость [33.0]
2022-06-18 22:37:12,253 DEBUG Horse [main] Создание Horse, имя [H24], скорость [34.0]
2022-06-18 22:37:12,255 DEBUG Horse [main] Создание Horse, имя [H25], скорость [35.0]
2022-06-18 22:37:12,257 DEBUG Horse [main] Создание Horse, имя [H26], скорость [36.0]
2022-06-18 22:37:12,259 DEBUG Horse [main] Создание Horse, имя [H27], скорость [37.0]
2022-06-18 22:37:12,261 DEBUG Horse [main] Создание Horse, имя [H28], скорость [38.0]
2022-06-18 22:37:12,263 DEBUG Horse [main] Создание Horse, имя [H29], скорость [39.0]
2022-06-18 22:37:12,263 DEBUG Horse [main] Создание Horse, имя [H30], скорость [40.0]
2022-06-18 22:37:12,265 DEBUG Horse [main] Создание Horse, имя [H31], скорость [41.0]
2022-06-18 22:37:12,267 DEBUG Horse [main] Создание Horse, имя [H32], скорость [42.0]
2022-06-18 22:37:12,269 DEBUG Horse [main] Создание Horse, имя [H33], скорость [43.0]
2022-06-18 22:37:12,271 DEBUG Horse [main] Создание Horse, имя [H34], скорость [44.0]
2022-06-18 22:37:12,273 DEBUG Horse [main] Создание Horse, имя [H35], скорость [45.0]
2022-06-18 22:37:12,273 DEBUG Horse [main] Создание Horse, имя [H36], скорость [46.0]
2022-06-18 22:37:12,277 DEBUG Horse [main] Создание Horse, имя [H37], скорость [47.0]
2022-06-18 22:37:12,277 DEBUG Horse [main] Создание Horse, имя [H38], скорость [48.0]
2022-06-18 22:37:12,279 DEBUG Horse [main] Создание Horse, имя [H39], скорость [49.0]
2022-06-18 22:37:12,281 DEBUG Horse [main] Создание Horse, имя [H40], скорость [50.0]
2022-06-18 22:37:12,283 DEBUG Horse [main] Создание Horse, имя [H41], скорость [51.0]
2022-06-18 22:37:12,285 DEBUG Horse [main] Создание Horse, имя [H42], скорость [52.0]
2022-06-18 22:37:12,287 DEBUG Horse [main] Создание Horse, имя [H43], скорость [53.0]
2022-06-18 22:37:12,289 DEBUG Horse [main] Создание Horse, имя [H44], скорость [54.0]
2022-06-18 22:37:12,289 DEBUG Horse [main] Создание Horse, имя [H45], скорость [55.0]
2022-06-18 22:37:12,291 DEBUG Horse [main] Создание Horse, имя [H46], скорость [56.0]
2022-06-18 22:37:12,293 DEBUG Horse [main] Создание Horse, имя [H47], скорость [57.0]
2022-06-18 22:37:12,295 DEBUG Horse [main] Создание Horse, имя [H48], скорость [58.0]
2022-06-18 22:37:12,295 DEBUG Horse [main] Создание Horse, имя [H49], скорость [59.0]
2022-06-18 22:37:12,305 DEBUG Hippodrome [main] Создание Hippodrome, лошадей [50]
2022-06-18 22:38:02,275 DEBUG Horse [main] Создание Horse, имя [H0], скорость [10.0]
2022-06-18 22:38:02,479 DEBUG Horse [main] Создание Horse, имя [H1], скорость [11.0]
2022-06-18 22:38:02,483 DEBUG Horse [main] Создание Horse, имя [H2], скорость [12.0]
2022-06-18 22:38:02,485 DEBUG Horse [main] Создание Horse, имя [H3], скорость [13.0]
2022-06-18 22:38:02,487 DEBUG Horse [main] Создание Horse, имя [H4], скорость [14.0]
2022-06-18 22:38:02,489 DEBUG Horse [main] Создание Horse, имя [H5], скорость [15.0]
2022-06-18 22:38:02,489 DEBUG Horse [main] Создание Horse, имя [H6], скорость [16.0]
2022-06-18 22:38:02,491 DEBUG Horse [main] Создание Horse, имя [H7], скорость [17.0]
2022-06-18 22:38:02,495 DEBUG Horse [main] Создание Horse, имя [H8], скорость [18.0]
2022-06-18 22:38:02,499 DEBUG Horse [main] Создание Horse, имя [H9], скорость [19.0]
2022-06-18 22:38:02,503 DEBUG Horse [main] Создание Horse, имя [H10], скорость [20.0]
2022-06-18 22:38:02,505 DEBUG Horse [main] Создание Horse, имя [H11], скорость [21.0]
2022-06-18 22:38:02,507 DEBUG Horse [main] Создание Horse, имя [H12], скорость [22.0]
2022-06-18 22:38:02,509 DEBUG Horse [main] Создание Horse, имя [H13], скорость [23.0]
2022-06-18 22:38:02,511 DEBUG Horse [main] Создание Horse, имя [H14], скорость [24.0]
2022-06-18 22:38:02,513 DEBUG Horse [main] Создание Horse, имя [H15], скорость [25.0]
2022-06-18 22:38:02,515 DEBUG Horse [main] Создание Horse, имя [H16], скорость [26.0]
2022-06-18 22:38:02,515 DEBUG Horse [main] Создание Horse, имя [H17], скорость [27.0]
2022-06-18 22:38:02,517 DEBUG Horse [main] Создание Horse, имя [H18], скорость [28.0]
2022-06-18 22:38:02,519 DEBUG Horse [main] Создание Horse, имя [H19], скорость [29.0]
2022-06-18 22:38:02,521 DEBUG Horse [main] Создание Horse, имя [H20], скорость [30.0]
2022-06-18 22:38:02,523 DEBUG Horse [main] Создание Horse, имя [H21], скорость [31.0]
2022-06-18 22:38:02,525 DEBUG Horse [main] Создание Horse, имя [H22], скорость [32.0]
2022-06-18 22:38:02,525 DEBUG Horse [main] Создание Horse, имя [H23], скорость [33.0]
2022-06-18 22:38:02,527 DEBUG Horse [main] Создание Horse, имя [H24], скорость [34.0]
2022-06-18 22:38:02,529 DEBUG Horse [main] Создание Horse, имя [H25], скорость [35.0]
2022-06-18 22:38:02,529 DEBUG Horse [main] Создание Horse, имя [H26], скорость [36.0]
2022-06-18 22:38:02,533 DEBUG Horse [main] Создание Horse, имя [H27], скорость [37.0]
2022-06-18 22:38:02,533 DEBUG Horse [main] Создание Horse, имя [H28], скорость [38.0]
2022-06-18 22:38:02,535 DEBUG Horse [main] Создание Horse, имя [H29], скорость [39.0]
2022-06-18 22:38:02,537 DEBUG Horse [main] Создание Horse, имя [H30], скорость [40.0]
2022-06-18 22:38:02,539 DEBUG Horse [main] Создание Horse, имя [H31], скорость [41.0]
2022-06-18 22:38:02,541 DEBUG Horse [main] Создание Horse, имя [H32], скорость [42.0]
2022-06-18 22:38:02,543 DEBUG Horse [main] Создание Horse, имя [H33], скорость [43.0]
2022-06-18 22:38:02,543 DEBUG Horse [main] Создание Horse, имя [H34], скорость [44.0]
2022-06-18 22:38:02,545 DEBUG Horse [main] Создание Horse, имя [H35], скорость [45.0]
2022-06-18 22:38:02,547 DEBUG Horse [main] Создание Horse, имя [H36], скорость [46.0]
2022-06-18 22:38:02,549 DEBUG Horse [main] Создание Horse, имя [H37], скорость [47.0]
2022-06-18 22:38:02,551 DEBUG Horse [main] Создание Horse, имя [H38], скорость [48.0]
2022-06-18 22:38:02,553 DEBUG Horse [main] Создание Horse, имя [H39], скорость [49.0]
2022-06-18 22:38:02,553 DEBUG Horse [main] Создание Horse, имя [H40], скорость [50.0]
2022-06-18 22:38:02,555 DEBUG Horse [main] Создание Horse, имя [H41], скорость [51.0]
2022-06-18 22:38:02,557 DEBUG Horse [main] Создание Horse, имя [H42], скорость [52.0]
2022-06-18 22:38:02,559 DEBUG Horse [main] Создание Horse, имя [H43], скорость [53.0]
2022-06-18 22:38:02,561 DEBUG Horse [main] Создание Horse, имя [H44], скорость [54.0]
2022-06-18 22:38:02,561 DEBUG Horse [main] Создание Horse, имя [H45], скорость [55.0]
2022-06-18 22:38:02,563 DEBUG Horse [main] Создание Horse, имя [H46], скорость [56.0]
2022-06-18 22:38:02,565 DEBUG Horse [main] Создание Horse, имя [H47], скорость [57.0]
2022-06-18 22:38:02,567 DEBUG Horse [main] Создание Horse, имя [H48], скорость [58.0]
2022-06-18 22:38:02,569 DEBUG Horse [main] Создание Horse, имя [H49], скорость [59.0]
2022-06-18 22:38:02,577 DEBUG Hippodrome [main] Создание Hippodrome, лошадей [50]
2022-06-18 22:39:13,340 DEBUG Horse [main] Создание Horse, имя [H0], скорость [10.0]
2022-06-18 22:41:02,203 DEBUG Horse [main] Создание Horse, имя [H0], скорость [10.0]
2022-06-18 22:41:02,343 DEBUG Horse [main] Создание Horse, имя [H1], скорость [11.0]
2022-06-18 22:41:02,345 DEBUG Horse [main] Создание Horse, имя [H2], скорость [12.0]
2022-06-18 22:41:02,349 DEBUG Horse [main] Создание Horse, имя [H3], скорость [13.0]
2022-06-18 22:41:02,351 DEBUG Horse [main] Создание Horse, имя [H4], скорость [14.0]
2022-06-18 22:41:02,353 DEBUG Horse [main] Создание Horse, имя [H5], скорость [15.0]
2022-06-18 22:41:02,355 DEBUG Horse [main] Создание Horse, имя [H6], скорость [16.0]
2022-06-18 22:41:02,357 DEBUG Horse [main] Создание Horse, имя [H7], скорость [17.0]
2022-06-18 22:41:02,359 DEBUG Horse [main] Создание Horse, имя [H8], скорость [18.0]
2022-06-18 22:41:02,361 DEBUG Horse [main] Создание Horse, имя [H9], скорость [19.0]
2022-06-18 22:41:02,363 DEBUG Horse [main] Создание Horse, имя [H10], скорость [20.0]
2022-06-18 22:41:02,365 DEBUG Horse [main] Создание Horse, имя [H11], скорость [21.0]
2022-06-18 22:41:02,367 DEBUG Horse [main] Создание Horse, имя [H12], скорость [22.0]
2022-06-18 22:41:02,369 DEBUG Horse [main] Создание Horse, имя [H13], скорость [23.0]
2022-06-18 22:41:02,371 DEBUG Horse [main] Создание Horse, имя [H14], скорость [24.0]
2022-06-18 22:41:02,373 DEBUG Horse [main] Создание Horse, имя [H15], скорость [25.0]
2022-06-18 22:41:02,375 DEBUG Horse [main] Создание Horse, имя [H16], скорость [26.0]
2022-06-18 22:41:02,377 DEBUG Horse [main] Создание Horse, имя [H17], скорость [27.0]
2022-06-18 22:41:02,379 DEBUG Horse [main] Создание Horse, имя [H18], скорость [28.0]
2022-06-18 22:41:02,381 DEBUG Horse [main] Создание Horse, имя [H19], скорость [29.0]
2022-06-18 22:41:02,381 DEBUG Horse [main] Создание Horse, имя [H20], скорость [30.0]
2022-06-18 22:41:02,383 DEBUG Horse [main] Создание Horse, имя [H21], скорость [31.0]
2022-06-18 22:41:02,385 DEBUG Horse [main] Создание Horse, имя [H22], скорость [32.0]
2022-06-18 22:41:02,387 DEBUG Horse [main] Создание Horse, имя [H23], скорость [33.0]
2022-06-18 22:41:02,389 DEBUG Horse [main] Создание Horse, имя [H24], скорость [34.0]
2022-06-18 22:41:02,389 DEBUG Horse [main] Создание Horse, имя [H25], скорость [35.0]
2022-06-18 22:41:02,393 DEBUG Horse [main] Создание Horse, имя [H26], скорость [36.0]
2022-06-18 22:41:02,395 DEBUG Horse [main] Создание Horse, имя [H27], скорость [37.0]
2022-06-18 22:41:02,395 DEBUG Horse [main] Создание Horse, имя [H28], скорость [38.0]
2022-06-18 22:41:02,397 DEBUG Horse [main] Создание Horse, имя [H29], скорость [39.0]
2022-06-18 22:41:02,399 DEBUG Horse [main] Создание Horse, имя [H30], скорость [40.0]
2022-06-18 22:41:02,401 DEBUG Horse [main] Создание Horse, имя [H31], скорость [41.0]
2022-06-18 22:41:02,403 DEBUG Horse [main] Создание Horse, имя [H32], скорость [42.0]
2022-06-18 22:41:02,405 DEBUG Horse [main] Создание Horse, имя [H33], скорость [43.0]
2022-06-18 22:41:02,407 DEBUG Horse [main] Создание Horse, имя [H34], скорость [44.0]
2022-06-18 22:41:02,409 DEBUG Horse [main] Создание Horse, имя [H35], скорость [45.0]
2022-06-18 22:41:02,411 DEBUG Horse [main] Создание Horse, имя [H36], скорость [46.0]
2022-06-18 22:41:02,413 DEBUG Horse [main] Создание Horse, имя [H37], скорость [47.0]
2022-06-18 22:41:02,415 DEBUG Horse [main] Создание Horse, имя [H38], скорость [48.0]
2022-06-18 22:41:02,417 DEBUG Horse [main] Создание Horse, имя [H39], скорость [49.0]
2022-06-18 22:41:02,419 DEBUG Horse [main] Создание Horse, имя [H40], скорость [50.0]
2022-06-18 22:41:02,421 DEBUG Horse [main] Создание Horse, имя [H41], скорость [51.0]
2022-06-18 22:41:02,423 DEBUG Horse [main] Создание Horse, имя [H42], скорость [52.0]
2022-06-18 22:41:02,423 DEBUG Horse [main] Создание Horse, имя [H43], скорость [53.0]
2022-06-18 22:41:02,425 DEBUG Horse [main] Создание Horse, имя [H44], скорость [54.0]
2022-06-18 22:41:02,427 DEBUG Horse [main] Создание Horse, имя [H45], скорость [55.0]
2022-06-18 22:41:02,429 DEBUG Horse [main] Создание Horse, имя [H46], скорость [56.0]
2022-06-18 22:41:02,431 DEBUG Horse [main] Создание Horse, имя [H47], скорость [57.0]
2022-06-18 22:41:02,433 DEBUG Horse [main] Создание Horse, имя [H48], скорость [58.0]
2022-06-18 22:41:02,433 DEBUG Horse [main] Создание Horse, имя [H49], скорость [59.0]
2022-06-18 22:41:02,445 DEBUG Hippodrome [main] Создание Hippodrome, лошадей [50]
2022-06-18 22:41:48,122 DEBUG Horse [main] Создание Horse, имя [H0], скорость [10.0]
2022-06-18 22:41:48,268 DEBUG Horse [main] Создание Horse, имя [H1], скорость [11.0]
2022-06-18 22:41:48,272 DEBUG Horse [main] Создание Horse, имя [H2], скорость [12.0]
2022-06-18 22:41:48,274 DEBUG Horse [main] Создание Horse, имя [H3], скорость [13.0]
2022-06-18 22:41:48,276 DEBUG Horse [main] Создание Horse, имя [H4], скорость [14.0]
2022-06-18 22:41:48,278 DEBUG Horse [main] Создание Horse, имя [H5], скорость [15.0]
2022-06-18 22:41:48,280 DEBUG Horse [main] Создание Horse, имя [H6], скорость [16.0]
2022-06-18 22:41:48,282 DEBUG Horse [main] Создание Horse, имя [H7], скорость [17.0]
2022-06-18 22:41:48,282 DEBUG Horse [main] Создание Horse, имя [H8], скорость [18.0]
2022-06-18 22:41:48,284 DEBUG Horse [main] Создание Horse, имя [H9], скорость [19.0]
2022-06-18 22:41:48,286 DEBUG Horse [main] Создание Horse, имя [H10], скорость [20.0]
2022-06-18 22:41:48,288 DEBUG Horse [main] Создание Horse, имя [H11], скорость [21.0]
2022-06-18 22:41:48,290 DEBUG Horse [main] Создание Horse, имя [H12], скорость [22.0]
2022-06-18 22:41:48,290 DEBUG Horse [main] Создание Horse, имя [H13], скорость [23.0]
2022-06-18 22:41:48,292 DEBUG Horse [main] Создание Horse, имя [H14], скорость [24.0]
2022-06-18 22:41:48,296 DEBUG Horse [main] Создание Horse, имя [H15], скорость [25.0]
2022-06-18 22:41:48,296 DEBUG Horse [main] Создание Horse, имя [H16], скорость [26.0]
2022-06-18 22:41:48,298 DEBUG Horse [main] Создание Horse, имя [H17], скорость [27.0]
2022-06-18 22:41:48,300 DEBUG Horse [main] Создание Horse, имя [H18], скорость [28.0]
2022-06-18 22:41:48,302 DEBUG Horse [main] Создание Horse, имя [H19], скорость [29.0]
2022-06-18 22:41:48,304 DEBUG Horse [main] Создание Horse, имя [H20], скорость [30.0]
2022-06-18 22:41:48,306 DEBUG Horse [main] Создание Horse, имя [H21], скорость [31.0]
2022-06-18 22:41:48,306 DEBUG Horse [main] Создание Horse, имя [H22], скорость [32.0]
2022-06-18 22:41:48,308 DEBUG Horse [main] Создание Horse, имя [H23], скорость [33.0]
2022-06-18 22:41:48,310 DEBUG Horse [main] Создание Horse, имя [H24], скорость [34.0]
2022-06-18 22:41:48,312 DEBUG Horse [main] Создание Horse, имя [H25], скорость [35.0]
2022-06-18 22:41:48,314 DEBUG Horse [main] Создание Horse, имя [H26], скорость [36.0]
2022-06-18 22:41:48,314 DEBUG Horse [main] Создание Horse, имя [H27], скорость [37.0]
2022-06-18 22:41:48,316 DEBUG Horse [main] Создание Horse, имя [H28], скорость [38.0]
2022-06-18 22:41:48,318 DEBUG Horse [main] Создание Horse, имя [H29], скорость [39.0]
2022-06-18 22:41:48,318 DEBUG Horse [main] Создание Horse, имя [H30], скорость [40.0]
2022-06-18 22:41:48,320 DEBUG Horse [main] Создание Horse, имя [H31], скорость [41.0]
2022-06-18 22:41:48,322 DEBUG Horse [main] Создание Horse, имя [H32], скорость [42.0]
2022-06-18 22:41:48,322 DEBUG Horse [main] Создание Horse, имя [H33], скорость [43.0]
2022-06-18 22:41:48,324 DEBUG Horse [main] Создание Horse, имя [H34], скорость [44.0]
2022-06-18 22:41:48,326 DEBUG Horse [main] Создание Horse, имя [H35], скорость [45.0]
2022-06-18 22:41:48,328 DEBUG Horse [main] Создание Horse, имя [H36], скорость [46.0]
2022-06-18 22:41:48,328 DEBUG Horse [main] Создание Horse, имя [H37], скорость [47.0]
2022-06-18 22:41:48,332 DEBUG Horse [main] Создание Horse, имя [H38], скорость [48.0]
2022-06-18 22:41:48,334 DEBUG Horse [main] Создание Horse, имя [H39], скорость [49.0]
2022-06-18 22:41:48,336 DEBUG Horse [main] Создание Horse, имя [H40], скорость [50.0]
2022-06-18 22:41:48,336 DEBUG Horse [main] Создание Horse, имя [H41], скорость [51.0]
2022-06-18 22:41:48,338 DEBUG Horse [main] Создание Horse, имя [H42], скорость [52.0]
2022-06-18 22:41:48,340 DEBUG Horse [main] Создание Horse, имя [H43], скорость [53.0]
2022-06-18 22:41:48,342 DEBUG Horse [main] Создание Horse, имя [H44], скорость [54.0]
2022-06-18 22:41:48,344 DEBUG Horse [main] Создание Horse, имя [H45], скорость [55.0]
2022-06-18 22:41:48,346 DEBUG Horse [main] Создание Horse, имя [H46], скорость [56.0]
2022-06-18 22:41:48,348 DEBUG Horse [main] Создание Horse, имя [H47], скорость [57.0]
2022-06-18 22:41:48,348 DEBUG Horse [main] Создание Horse, имя [H48], скорость [58.0]
2022-06-18 22:41:48,350 DEBUG Horse [main] Создание Horse, имя [H49], скорость [59.0]
2022-06-18 22:41:48,358 DEBUG Hippodrome [main] Создание Hippodrome, лошадей [50]
2022-06-18 22:44:34,734 DEBUG Horse [main] Создание Horse, имя [H0], скорость [10.0]
2022-06-18 22:44:34,872 DEBUG Horse [main] Создание Horse, имя [H1], скорость [11.0]
2022-06-18 22:44:34,874 DEBUG Horse [main] Создание Horse, имя [H2], скорость [12.0]
2022-06-18 22:44:34,876 DEBUG Horse [main] Создание Horse, имя [H3], скорость [13.0]
2022-06-18 22:44:34,878 DEBUG Horse [main] Создание Horse, имя [H4], скорость [14.0]
2022-06-18 22:44:34,880 DEBUG Horse [main] Создание Horse, имя [H5], скорость [15.0]
2022-06-18 22:44:34,882 DEBUG Horse [main] Создание Horse, имя [H6], скорость [16.0]
2022-06-18 22:44:34,886 DEBUG Horse [main] Создание Horse, имя [H7], скорость [17.0]
2022-06-18 22:44:34,886 DEBUG Horse [main] Создание Horse, имя [H8], скорость [18.0]
2022-06-18 22:44:34,888 DEBUG Horse [main] Создание Horse, имя [H9], скорость [19.0]
2022-06-18 22:44:34,890 DEBUG Horse [main] Создание Horse, имя [H10], скорость [20.0]
2022-06-18 22:44:34,894 DEBUG Horse [main] Создание Horse, имя [H11], скорость [21.0]
2022-06-18 22:44:34,896 DEBUG Horse [main] Создание Horse, имя [H12], скорость [22.0]
2022-06-18 22:44:34,898 DEBUG Horse [main] Создание Horse, имя [H13], скорость [23.0]
2022-06-18 22:44:34,900 DEBUG Horse [main] Создание Horse, имя [H14], скорость [24.0]
2022-06-18 22:44:34,902 DEBUG Horse [main] Создание Horse, имя [H15], скорость [25.0]
2022-06-18 22:44:34,904 DEBUG Horse [main] Создание Horse, имя [H16], скорость [26.0]
2022-06-18 22:44:34,904 DEBUG Horse [main] Создание Horse, имя [H17], скорость [27.0]
2022-06-18 22:44:34,906 DEBUG Horse [main] Создание Horse, имя [H18], скорость [28.0]
2022-06-18 22:44:34,908 DEBUG Horse [main] Создание Horse, имя [H19], скорость [29.0]
2022-06-18 22:44:34,908 DEBUG Horse [main] Создание Horse, имя [H20], скорость [30.0]
2022-06-18 22:44:34,910 DEBUG Horse [main] Создание Horse, имя [H21], скорость [31.0]
2022-06-18 22:44:34,912 DEBUG Horse [main] Создание Horse, имя [H22], скорость [32.0]
2022-06-18 22:44:34,914 DEBUG Horse [main] Создание Horse, имя [H23], скорость [33.0]
2022-06-18 22:44:34,916 DEBUG Horse [main] Создание Horse, имя [H24], скорость [34.0]
2022-06-18 22:44:34,920 DEBUG Horse [main] Создание Horse, имя [H25], скорость [35.0]
2022-06-18 22:44:34,922 DEBUG Horse [main] Создание Horse, имя [H26], скорость [36.0]
2022-06-18 22:44:34,924 DEBUG Horse [main] Создание Horse, имя [H27], скорость [37.0]
2022-06-18 22:44:34,926 DEBUG Horse [main] Создание Horse, имя [H28], скорость [38.0]
2022-06-18 22:44:34,928 DEBUG Horse [main] Создание Horse, имя [H29], скорость [39.0]
2022-06-18 22:44:34,930 DEBUG Horse [main] Создание Horse, имя [H30], скорость [40.0]
2022-06-18 22:44:34,964 DEBUG Horse [main] Создание Horse, имя [H31], скорость [41.0]
2022-06-18 22:44:34,970 DEBUG Horse [main] Создание Horse, имя [H32], скорость [42.0]
2022-06-18 22:44:34,974 DEBUG Horse [main] Создание Horse, имя [H33], скорость [43.0]
2022-06-18 22:44:34,976 DEBUG Horse [main] Создание Horse, имя [H34], скорость [44.0]
2022-06-18 22:44:34,978 DEBUG Horse [main] Создание Horse, имя [H35], скорость [45.0]
2022-06-18 22:44:34,980 DEBUG Horse [main] Создание Horse, имя [H36], скорость [46.0]
2022-06-18 22:44:34,984 DEBUG Horse [main] Создание Horse, имя [H37], скорость [47.0]
2022-06-18 22:44:34,988 DEBUG Horse [main] Создание Horse, имя [H38], скорость [48.0]
2022-06-18 22:44:34,990 DEBUG Horse [main] Создание Horse, имя [H39], скорость [49.0]
2022-06-18 22:44:34,992 DEBUG Horse [main] Создание Horse, имя [H40], скорость [50.0]
2022-06-18 22:44:34,994 DEBUG Horse [main] Создание Horse, имя [H41], скорость [51.0]
2022-06-18 22:44:34,996 DEBUG Horse [main] Создание Horse, имя [H42], скорость [52.0]
2022-06-18 22:44:34,998 DEBUG Horse [main] Создание Horse, имя [H43], скорость [53.0]
2022-06-18 22:44:35,000 DEBUG Horse [main] Создание Horse, имя [H44], скорость [54.0]
2022-06-18 22:44:35,002 DEBUG Horse [main] Создание Horse, имя [H45], скорость [55.0]
2022-06-18 22:44:35,004 DEBUG Horse [main] Создание Horse, имя [H46], скорость [56.0]
2022-06-18 22:44:35,008 DEBUG Horse [main] Создание Horse, имя [H47], скорость [57.0]
2022-06-18 22:44:35,012 DEBUG Horse [main] Создание Horse, имя [H48], скорость [58.0]
2022-06-18 22:44:35,020 DEBUG Horse [main] Создание Horse, имя [H49], скорость [59.0]
2022-06-18 22:44:35,034 DEBUG Hippodrome [main] Создание Hippodrome, лошадей [50]
2022-06-18 22:45:35,384 DEBUG Horse [main] Создание Horse, имя [H0], скорость [10.0]
2022-06-18 22:45:35,504 DEBUG Horse [main] Создание Horse, имя [H1], скорость [11.0]
2022-06-18 22:45:35,506 DEBUG Horse [main] Создание Horse, имя [H2], скорость [12.0]
2022-06-18 22:45:35,508 DEBUG Horse [main] Создание Horse, имя [H3], скорость [13.0]
2022-06-18 22:45:35,510 DEBUG Horse [main] Создание Horse, имя [H4], скорость [14.0]
2022-06-18 22:45:35,512 DEBUG Horse [main] Создание Horse, имя [H5], скорость [15.0]
2022-06-18 22:45:35,514 DEBUG Horse [main] Создание Horse, имя [H6], скорость [16.0]
2022-06-18 22:45:35,514 DEBUG Horse [main] Создание Horse, имя [H7], скорость [17.0]
2022-06-18 22:45:35,516 DEBUG Horse [main] Создание Horse, имя [H8], скорость [18.0]
2022-06-18 22:45:35,518 DEBUG Horse [main] Создание Horse, имя [H9], скорость [19.0]
2022-06-18 22:45:35,522 DEBUG Horse [main] Создание Horse, имя [H10], скорость [20.0]
2022-06-18 22:45:35,522 DEBUG Horse [main] Создание Horse, имя [H11], скорость [21.0]
2022-06-18 22:45:35,524 DEBUG Horse [main] Создание Horse, имя [H12], скорость [22.0]
2022-06-18 22:45:35,526 DEBUG Horse [main] Создание Horse, имя [H13], скорость [23.0]
2022-06-18 22:45:35,528 DEBUG Horse [main] Создание Horse, имя [H14], скорость [24.0]
2022-06-18 22:45:35,530 DEBUG Horse [main] Создание Horse, имя [H15], скорость [25.0]
2022-06-18 22:45:35,532 DEBUG Horse [main] Создание Horse, имя [H16], скорость [26.0]
2022-06-18 22:45:35,534 DEBUG Horse [main] Создание Horse, имя [H17], скорость [27.0]
2022-06-18 22:45:35,536 DEBUG Horse [main] Создание Horse, имя [H18], скорость [28.0]
2022-06-18 22:45:35,538 DEBUG Horse [main] Создание Horse, имя [H19], скорость [29.0]
2022-06-18 22:45:35,540 DEBUG Horse [main] Создание Horse, имя [H20], скорость [30.0]
2022-06-18 22:45:35,542 DEBUG Horse [main] Создание Horse, имя [H21], скорость [31.0]
2022-06-18 22:45:35,544 DEBUG Horse [main] Создание Horse, имя [H22], скорость [32.0]
2022-06-18 22:45:35,544 DEBUG Horse [main] Создание Horse, имя [H23], скорость [33.0]
2022-06-18 22:45:35,546 DEBUG Horse [main] Создание Horse, имя [H24], скорость [34.0]
2022-06-18 22:45:35,548 DEBUG Horse [main] Создание Horse, имя [H25], скорость [35.0]
2022-06-18 22:45:35,550 DEBUG Horse [main] Создание Horse, имя [H26], скорость [36.0]
2022-06-18 22:45:35,552 DEBUG Horse [main] Создание Horse, имя [H27], скорость [37.0]
2022-06-18 22:45:35,554 DEBUG Horse [main] Создание Horse, имя [H28], скорость [38.0]
2022-06-18 22:45:35,554 DEBUG Horse [main] Создание Horse, имя [H29], скорость [39.0]
2022-06-18 22:45:35,556 DEBUG Horse [main] Создание Horse, имя [H30], скорость [40.0]
2022-06-18 22:45:35,558 DEBUG Horse [main] Создание Horse, имя [H31], скорость [41.0]
2022-06-18 22:45:35,558 DEBUG Horse [main] Создание Horse, имя [H32], скорость [42.0]
2022-06-18 22:45:35,560 DEBUG Horse [main] Создание Horse, имя [H33], скорость [43.0]
2022-06-18 22:45:35,562 DEBUG Horse [main] Создание Horse, имя [H34], скорость [44.0]
2022-06-18 22:45:35,564 DEBUG Horse [main] Создание Horse, имя [H35], скорость [45.0]
2022-06-18 22:45:35,566 DEBUG Horse [main] Создание Horse, имя [H36], скорость [46.0]
2022-06-18 22:45:35,566 DEBUG Horse [main] Создание Horse, имя [H37], скорость [47.0]
2022-06-18 22:45:35,568 DEBUG Horse [main] Создание Horse, имя [H38], скорость [48.0]
2022-06-18 22:45:35,570 DEBUG Horse [main] Создание Horse, имя [H39], скорость [49.0]
2022-06-18 22:45:35,570 DEBUG Horse [main] Создание Horse, имя [H40], скорость [50.0]
2022-06-18 22:45:35,572 DEBUG Horse [main] Создание Horse, имя [H41], скорость [51.0]
2022-06-18 22:45:35,574 DEBUG Horse [main] Создание Horse, имя [H42], скорость [52.0]
2022-06-18 22:45:35,576 DEBUG Horse [main] Создание Horse, имя [H43], скорость [53.0]
2022-06-18 22:45:35,576 DEBUG Horse [main] Создание Horse, имя [H44], скорость [54.0]
2022-06-18 22:45:35,578 DEBUG Horse [main] Создание Horse, имя [H45], скорость [55.0]
2022-06-18 22:45:35,578 DEBUG Horse [main] Создание Horse, имя [H46], скорость [56.0]
2022-06-18 22:45:35,580 DEBUG Horse [main] Создание Horse, имя [H47], скорость [57.0]
2022-06-18 22:45:35,582 DEBUG Horse [main] Создание Horse, имя [H48], скорость [58.0]
2022-06-18 22:45:35,582 DEBUG Horse [main] Создание Horse, имя [H49], скорость [59.0]
2022-06-18 22:45:35,590 DEBUG Hippodrome [main] Создание Hippodrome, лошадей [50]
2022-06-18 22:46:11,123 DEBUG Horse [main] Создание Horse, имя [H0], скорость [10.0]
2022-06-18 22:46:11,247 DEBUG Horse [main] Создание Horse, имя [H1], скорость [11.0]
2022-06-18 22:46:11,251 DEBUG Horse [main] Создание Horse, имя [H2], скорость [12.0]
2022-06-18 22:46:11,251 DEBUG Horse [main] Создание Horse, имя [H3], скорость [13.0]
2022-06-18 22:46:11,253 DEBUG Horse [main] Создание Horse, имя [H4], скорость [14.0]
2022-06-18 22:46:11,255 DEBUG Horse [main] Создание Horse, имя [H5], скорость [15.0]
2022-06-18 22:46:11,257 DEBUG Horse [main] Создание Horse, имя [H6], скорость [16.0]
2022-06-18 22:46:11,259 DEBUG Horse [main] Создание Horse, имя [H7], скорость [17.0]
2022-06-18 22:46:11,259 DEBUG Horse [main] Создание Horse, имя [H8], скорость [18.0]
2022-06-18 22:46:11,261 DEBUG Horse [main] Создание Horse, имя [H9], скорость [19.0]
2022-06-18 22:46:11,263 DEBUG Horse [main] Создание Horse, имя [H10], скорость [20.0]
2022-06-18 22:46:11,265 DEBUG Horse [main] Создание Horse, имя [H11], скорость [21.0]
2022-06-18 22:46:11,267 DEBUG Horse [main] Создание Horse, имя [H12], скорость [22.0]
2022-06-18 22:46:11,271 DEBUG Horse [main] Создание Horse, имя [H13], скорость [23.0]
2022-06-18 22:46:11,271 DEBUG Horse [main] Создание Horse, имя [H14], скорость [24.0]
2022-06-18 22:46:11,273 DEBUG Horse [main] Создание Horse, имя [H15], скорость [25.0]
2022-06-18 22:46:11,275 DEBUG Horse [main] Создание Horse, имя [H16], скорость [26.0]
2022-06-18 22:46:11,277 DEBUG Horse [main] Создание Horse, имя [H17], скорость [27.0]
2022-06-18 22:46:11,277 DEBUG Horse [main] Создание Horse, имя [H18], скорость [28.0]
2022-06-18 22:46:11,279 DEBUG Horse [main] Создание Horse, имя [H19], скорость [29.0]
2022-06-18 22:46:11,283 DEBUG Horse [main] Создание Horse, имя [H20], скорость [30.0]
2022-06-18 22:46:11,283 DEBUG Horse [main] Создание Horse, имя [H21], скорость [31.0]
2022-06-18 22:46:11,285 DEBUG Horse [main] Создание Horse, имя [H22], скорость [32.0]
2022-06-18 22:46:11,287 DEBUG Horse [main] Создание Horse, имя [H23], скорость [33.0]
2022-06-18 22:46:11,289 DEBUG Horse [main] Создание Horse, имя [H24], скорость [34.0]
2022-06-18 22:46:11,291 DEBUG Horse [main] Создание Horse, имя [H25], скорость [35.0]
2022-06-18 22:46:11,291 DEBUG Horse [main] Создание Horse, имя [H26], скорость [36.0]
2022-06-18 22:46:11,293 DEBUG Horse [main] Создание Horse, имя [H27], скорость [37.0]
2022-06-18 22:46:11,293 DEBUG Horse [main] Создание Horse, имя [H28], скорость [38.0]
2022-06-18 22:46:11,295 DEBUG Horse [main] Создание Horse, имя [H29], скорость [39.0]
2022-06-18 22:46:11,295 DEBUG Horse [main] Создание Horse, имя [H30], скорость [40.0]
2022-06-18 22:46:11,297 DEBUG Horse [main] Создание Horse, имя [H31], скорость [41.0]
2022-06-18 22:46:11,299 DEBUG Horse [main] Создание Horse, имя [H32], скорость [42.0]
2022-06-18 22:46:11,299 DEBUG Horse [main] Создание Horse, имя [H33], скорость [43.0]
2022-06-18 22:46:11,301 DEBUG Horse [main] Создание Horse, имя [H34], скорость [44.0]
2022-06-18 22:46:11,301 DEBUG Horse [main] Создание Horse, имя [H35], скорость [45.0]
2022-06-18 22:46:11,303 DEBUG Horse [main] Создание Horse, имя [H36], скорость [46.0]
2022-06-18 22:46:11,305 DEBUG Horse [main] Создание Horse, имя [H37], скорость [47.0]
2022-06-18 22:46:11,305 DEBUG Horse [main] Создание Horse, имя [H38], скорость [48.0]
2022-06-18 22:46:11,307 DEBUG Horse [main] Создание Horse, имя [H39], скорость [49.0]
2022-06-18 22:46:11,309 DEBUG Horse [main] Создание Horse, имя [H40], скорость [50.0]
2022-06-18 22:46:11,311 DEBUG Horse [main] Создание Horse, имя [H41], скорость [51.0]
2022-06-18 22:46:11,313 DEBUG Horse [main] Создание Horse, имя [H42], скорость [52.0]
2022-06-18 22:46:11,315 DEBUG Horse [main] Создание Horse, имя [H43], скорость [53.0]
2022-06-18 22:46:11,319 DEBUG Horse [main] Создание Horse, имя [H44], скорость [54.0]
2022-06-18 22:46:11,321 DEBUG Horse [main] Создание Horse, имя [H45], скорость [55.0]
2022-06-18 22:46:11,321 DEBUG Horse [main] Создание Horse, имя [H46], скорость [56.0]
2022-06-18 22:46:11,323 DEBUG Horse [main] Создание Horse, имя [H47], скорость [57.0]
2022-06-18 22:46:11,325 DEBUG Horse [main] Создание Horse, имя [H48], скорость [58.0]
2022-06-18 22:46:11,327 DEBUG Horse [main] Создание Horse, имя [H49], скорость [59.0]
2022-06-18 22:46:11,337 DEBUG Hippodrome [main] Создание Hippodrome, лошадей [50]
2022-06-18 22:50:49,327 DEBUG Hippodrome [main] Создание Hippodrome, лошадей [50]
2022-06-18 22:51:41,732 DEBUG Hippodrome [main] Создание Hippodrome, лошадей [50]
2022-06-18 22:52:17,565 DEBUG Hippodrome [main] Создание Hippodrome, лошадей [50]
2022-06-18 22:53:51,972 DEBUG Hippodrome [main] Создание Hippodrome, лошадей [50]
2022-06-18 22:54:36,191 DEBUG Hippodrome [main] Создание Hippodrome, лошадей [50]
2022-06-18 23:02:40,674 DEBUG Hippodrome [main] Создание Hippodrome, лошадей [50]
2022-06-18 23:05:47,399 DEBUG Hippodrome [main] Создание Hippodrome, лошадей [50]
